0 info it worked if it ends with ok
1 verbose cli [ 'C:\\Program Files\\nodejs\\node.exe',
1 verbose cli   'C:\\Users\\Geo\\AppData\\Roaming\\npm\\node_modules\\npm\\bin\\npm-cli.js',
1 verbose cli   'start' ]
2 info using npm@3.10.7
3 info using node@v6.9.0
4 verbose run-script [ 'prestart', 'start', 'poststart' ]
5 info lifecycle node-html5-multiplayer-game@1.0.0~prestart: node-html5-multiplayer-game@1.0.0
6 silly lifecycle node-html5-multiplayer-game@1.0.0~prestart: no script for prestart, continuing
7 info lifecycle node-html5-multiplayer-game@1.0.0~start: node-html5-multiplayer-game@1.0.0
8 verbose lifecycle node-html5-multiplayer-game@1.0.0~start: unsafe-perm in lifecycle true
9 verbose lifecycle node-html5-multiplayer-game@1.0.0~start: PATH: C:\Users\Geo\AppData\Roaming\npm\node_modules\npm\bin\node-gyp-bin;C:\xampp\htdocs\node\node-html5-multiplayer-game\node_modules\.bin;C:\Users\Geo\bin;C:\Program Files (x86)\Git\mingw64\bin;C:\Program Files (x86)\Git\usr\local\bin;C:\Program Files (x86)\Git\usr\bin;C:\Program Files (x86)\Git\usr\bin;C:\Program Files (x86)\Git\mingw64\bin;C:\Program Files (x86)\Git\usr\bin;C:\Users\Geo\bin;C:\ProgramData\Oracle\Java\javapath;C:\Windows\system32;C:\Windows;C:\Windows\System32\Wbem;C:\Windows\System32\WindowsPowerShell\v1.0;C:\Program Files (x86)\ATI Technologies\ATI.ACE\Core-Static;C:\Program Files\Dell\Dell Wireless WLAN Card;C:\xampp\php;C:\ProgramData\ComposerSetup\bin;C:\Program Files (x86)\Heroku\bin;C:\Program Files (x86)\git\cmd;C:\ProgramData\chocolatey\bin;C:\Windows\system32\config\systemprofile\.dnx\bin;C:\Program Files\Microsoft DNX\Dnvm;C:\Program Files\Microsoft SQL Server\130\Tools\Binn;C:\Program Files\nodejs;C:\Program Files (x86)\Git\cmd;C:\Program Files (x86)\GtkSharp\2.12\bin;C:\Program Files (x86)\Skype\Phone;C:\Program Files (x86)\Git\usr\bin;C:\Program Files (x86)\Git\cmd;C:\Users\Geo\AppData\Roaming\npm;C:\tools\apache-maven-3.3.9\bin;C:\Program Files\Docker Toolbox;C:\Program Files (x86)\Git\usr\bin\vendor_perl;C:\Program Files (x86)\Git\usr\bin\core_perl
10 verbose lifecycle node-html5-multiplayer-game@1.0.0~start: CWD: C:\xampp\htdocs\node\node-html5-multiplayer-game
11 silly lifecycle node-html5-multiplayer-game@1.0.0~start: Args: [ '/d /s /c', 'node server.js' ]
12 silly lifecycle node-html5-multiplayer-game@1.0.0~start: Returned: code: 1  signal: null
13 info lifecycle node-html5-multiplayer-game@1.0.0~start: Failed to exec start script
14 verbose stack Error: node-html5-multiplayer-game@1.0.0 start: `node server.js`
14 verbose stack Exit status 1
14 verbose stack     at EventEmitter.<anonymous> (C:\Users\Geo\AppData\Roaming\npm\node_modules\npm\lib\utils\lifecycle.js:255:16)
14 verbose stack     at emitTwo (events.js:106:13)
14 verbose stack     at EventEmitter.emit (events.js:191:7)
14 verbose stack     at ChildProcess.<anonymous> (C:\Users\Geo\AppData\Roaming\npm\node_modules\npm\lib\utils\spawn.js:40:14)
14 verbose stack     at emitTwo (events.js:106:13)
14 verbose stack     at ChildProcess.emit (events.js:191:7)
14 verbose stack     at maybeClose (internal/child_process.js:877:16)
14 verbose stack     at Process.ChildProcess._handle.onexit (internal/child_process.js:226:5)
15 verbose pkgid node-html5-multiplayer-game@1.0.0
16 verbose cwd C:\xampp\htdocs\node\node-html5-multiplayer-game
17 error Windows_NT 6.1.7601
18 error argv "C:\\Program Files\\nodejs\\node.exe" "C:\\Users\\Geo\\AppData\\Roaming\\npm\\node_modules\\npm\\bin\\npm-cli.js" "start"
19 error node v6.9.0
20 error npm  v3.10.7
21 error code ELIFECYCLE
22 error node-html5-multiplayer-game@1.0.0 start: `node server.js`
22 error Exit status 1
23 error Failed at the node-html5-multiplayer-game@1.0.0 start script 'node server.js'.
23 error Make sure you have the latest version of node.js and npm installed.
23 error If you do, this is most likely a problem with the node-html5-multiplayer-game package,
23 error not with npm itself.
23 error Tell the author that this fails on your system:
23 error     node server.js
23 error You can get information on how to open an issue for this project with:
23 error     npm bugs node-html5-multiplayer-game
23 error Or if that isn't available, you can get their info via:
23 error     npm owner ls node-html5-multiplayer-game
23 error There is likely additional logging output above.
24 verbose exit [ 1, true ]
